Logger written on2024-06-05T03:31:59.045Z Level : [CRITICAL]
    Message : Error Occurrd :ENOENT: no such file or directory, open 'E:\Node Backend golobal\crud\data.json' 
Logger written on2024-06-05T03:51:42.432Z Level : [CRITICAL]
    Message : Error Occurrd :ENOENT: no such file or directory, open 'E:\Node Backend golobal\crud\data.json' 
Logger written on2024-06-05T03:53:13.103Z Level : [INFO]
    Message : File Readed Successfully 
Logger written on2024-06-05T03:53:49.118Z Level : [INFO]
    Message : File Readed Successfully 
Logger written on2024-06-05T03:54:59.800Z Level : [INFO]
    Message : File Written Succesfully 
Logger written on2024-06-05T03:55:27.252Z Level : [INFO]
    Message : File Written Succesfully 
Logger written on2024-06-05T03:58:01.028Z Level : [INFO]
    Message : File Written Succesfully 
Logger written on2024-06-05T04:45:34.848Z Level : [INFO]
    Message : File Readed Succesfully 
Logger written on2024-06-05T04:45:55.918Z Level : [INFO]
    Message : File Readed Succesfully 
Logger written on2024-06-09T03:08:17.056Z Level : [INFO]
    Message : File Readed Succesfully 
Logger written on2024-06-09T03:08:17.068Z Level : [INFO]
    Message : File Written Succesfully 
Logger written on2024-06-09T03:08:26.832Z Level : [INFO]
    Message : File Readed Succesfully 
Logger written on2024-06-09T03:08:26.844Z Level : [INFO]
    Message : File Written Succesfully 
Logger written on2024-06-09T03:09:02.590Z Level : [INFO]
    Message : File Readed Succesfully 
Logger written on2024-06-09T03:09:02.596Z Level : [INFO]
    Message : File Written Succesfully 
Logger written on2024-06-09T03:11:30.142Z Level : [INFO]
    Message : File Readed Succesfully 
Logger written on2024-06-09T03:11:30.147Z Level : [INFO]
    Message : File Written Succesfully 
Logger written on2024-06-09T03:12:23.826Z Level : [INFO]
    Message : File Readed Succesfully 
Logger written on2024-06-09T03:12:23.832Z Level : [INFO]
    Message : File Written Succesfully 
Logger written on2024-06-09T03:13:46.504Z Level : [INFO]
    Message : File Readed Succesfully 
Logger written on2024-06-09T03:13:46.510Z Level : [INFO]
    Message : File Written Succesfully 
Logger written on2024-06-09T03:47:03.159Z Level : [INFO]
    Message : File Readed Succesfully 
Logger written on2024-06-09T04:16:55.629Z Level : [INFO]
    Message : File Readed Succesfully 
